
AVRASM ver. 2.1.30  E:\files\data proteus\runningtext\Debug\List\avr.asm Tue Jun 25 20:40:38 2019

E:\files\data proteus\runningtext\Debug\List\avr.asm(1088): warning: Register r5 already defined by the .DEF directive
E:\files\data proteus\runningtext\Debug\List\avr.asm(1089): warning: Register r4 already defined by the .DEF directive
E:\files\data proteus\runningtext\Debug\List\avr.asm(1090): warning: Register r7 already defined by the .DEF directive
E:\files\data proteus\runningtext\Debug\List\avr.asm(1091): warning: Register r6 already defined by the .DEF directive
                 
                 
                 ;CodeVisionAVR C Compiler V3.12 Advanced
                 ;(C) Copyright 1998-2014 Pavel Haiduc, HP InfoTech s.r.l.
                 ;http://www.hpinfotech.com
                 
                 ;Build configuration    : Debug
                 ;Chip type              : ATmega16
                 ;Program type           : Application
                 ;Clock frequency        : 8,000000 MHz
                 ;Memory model           : Small
                 ;Optimize for           : Size
                 ;(s)printf features     : int, width
                 ;(s)scanf features      : int, width
                 ;External RAM size      : 0
                 ;Data Stack size        : 256 byte(s)
                 ;Heap size              : 0 byte(s)
                 ;Promote 'char' to 'int': Yes
                 ;'char' is unsigned     : Yes
                 ;8 bit enums            : Yes
                 ;Global 'const' stored in FLASH: Yes
                 ;Enhanced function parameter passing: Yes
                 ;Enhanced core instructions: On
                 ;Automatic register allocation for global variables: On
                 ;Smart register allocation: On
                 
                 	#define _MODEL_SMALL_
                 
                 	#pragma AVRPART ADMIN PART_NAME ATmega16
                 	#pragma AVRPART MEMORY PROG_FLASH 16384
                 	#pragma AVRPART MEMORY EEPROM 512
                 	#pragma AVRPART MEMORY INT_SRAM SIZE 1024
                 	#pragma AVRPART MEMORY INT_SRAM START_ADDR 0x60
                 
                 	#define CALL_SUPPORTED 1
                 
                 	.LISTMAC
                 	.EQU UDRE=0x5
                 	.EQU RXC=0x7
                 	.EQU USR=0xB
                 	.EQU UDR=0xC
                 	.EQU SPSR=0xE
                 	.EQU SPDR=0xF
                 	.EQU EERE=0x0
                 	.EQU EEWE=0x1
                 	.EQU EEMWE=0x2
                 	.EQU EECR=0x1C
                 	.EQU EEDR=0x1D
                 	.EQU EEARL=0x1E
                 	.EQU EEARH=0x1F
                 	.EQU WDTCR=0x21
                 	.EQU MCUCR=0x35
                 	.EQU GICR=0x3B
                 	.EQU SPL=0x3D
                 	.EQU SPH=0x3E
                 	.EQU SREG=0x3F
                 
                 	.DEF R0X0=R0
                 	.DEF R0X1=R1
                 	.DEF R0X2=R2
                 	.DEF R0X3=R3
                 	.DEF R0X4=R4
                 	.DEF R0X5=R5
                 	.DEF R0X6=R6
                 	.DEF R0X7=R7
                 	.DEF R0X8=R8
                 	.DEF R0X9=R9
                 	.DEF R0XA=R10
                 	.DEF R0XB=R11
                 	.DEF R0XC=R12
                 	.DEF R0XD=R13
                 	.DEF R0XE=R14
                 	.DEF R0XF=R15
                 	.DEF R0X10=R16
                 	.DEF R0X11=R17
                 	.DEF R0X12=R18
                 	.DEF R0X13=R19
                 	.DEF R0X14=R20
                 	.DEF R0X15=R21
                 	.DEF R0X16=R22
                 	.DEF R0X17=R23
                 	.DEF R0X18=R24
                 	.DEF R0X19=R25
                 	.DEF R0X1A=R26
                 	.DEF R0X1B=R27
                 	.DEF R0X1C=R28
                 	.DEF R0X1D=R29
                 	.DEF R0X1E=R30
                 	.DEF R0X1F=R31
                 
                 	.EQU __SRAM_START=0x0060
                 	.EQU __SRAM_END=0x045F
                 	.EQU __DSTACK_SIZE=0x0100
                 	.EQU __HEAP_SIZE=0x0000
                 	.EQU __CLEAR_SRAM_SIZE=__SRAM_END-__SRAM_START+1
                 
                 	.MACRO __CPD1N
                 	CPI  R30,LOW(@0)
                 	LDI  R26,HIGH(@0)
                 	CPC  R31,R26
                 	LDI  R26,BYTE3(@0)
                 	CPC  R22,R26
                 	LDI  R26,BYTE4(@0)
                 	CPC  R23,R26
                 	.ENDM
                 
                 	.MACRO __CPD2N
                 	CPI  R26,LOW(@0)
                 	LDI  R30,HIGH(@0)
                 	CPC  R27,R30
                 	LDI  R30,BYTE3(@0)
                 	CPC  R24,R30
                 	LDI  R30,BYTE4(@0)
                 	CPC  R25,R30
                 	.ENDM
                 
                 	.MACRO __CPWRR
                 	CP   R@0,R@2
                 	CPC  R@1,R@3
                 	.ENDM
                 
                 	.MACRO __CPWRN
                 	CPI  R@0,LOW(@2)
                 	LDI  R30,HIGH(@2)
                 	CPC  R@1,R30
                 	.ENDM
                 
                 	.MACRO __ADDB1MN
                 	SUBI R30,LOW(-@0-(@1))
                 	.ENDM
                 
                 	.MACRO __ADDB2MN
                 	SUBI R26,LOW(-@0-(@1))
                 	.ENDM
                 
                 	.MACRO __ADDW1MN
                 	SUBI R30,LOW(-@0-(@1))
                 	SBCI R31,HIGH(-@0-(@1))
                 	.ENDM
                 
                 	.MACRO __ADDW2MN
                 	SUBI R26,LOW(-@0-(@1))
                 	SBCI R27,HIGH(-@0-(@1))
                 	.ENDM
                 
                 	.MACRO __ADDW1FN
                 	SUBI R30,LOW(-2*@0-(@1))
                 	SBCI R31,HIGH(-2*@0-(@1))
                 	.ENDM
                 
                 	.MACRO __ADDD1FN
                 	SUBI R30,LOW(-2*@0-(@1))
                 	SBCI R31,HIGH(-2*@0-(@1))
                 	SBCI R22,BYTE3(-2*@0-(@1))
                 	.ENDM
                 
                 	.MACRO __ADDD1N
                 	SUBI R30,LOW(-@0)
                 	SBCI R31,HIGH(-@0)
                 	SBCI R22,BYTE3(-@0)
                 	SBCI R23,BYTE4(-@0)
                 	.ENDM
                 
                 	.MACRO __ADDD2N
                 	SUBI R26,LOW(-@0)
                 	SBCI R27,HIGH(-@0)
                 	SBCI R24,BYTE3(-@0)
                 	SBCI R25,BYTE4(-@0)
                 	.ENDM
                 
                 	.MACRO __SUBD1N
                 	SUBI R30,LOW(@0)
                 	SBCI R31,HIGH(@0)
                 	SBCI R22,BYTE3(@0)
                 	SBCI R23,BYTE4(@0)
                 	.ENDM
                 
                 	.MACRO __SUBD2N
                 	SUBI R26,LOW(@0)
                 	SBCI R27,HIGH(@0)
                 	SBCI R24,BYTE3(@0)
                 	SBCI R25,BYTE4(@0)
                 	.ENDM
                 
                 	.MACRO __ANDBMNN
                 	LDS  R30,@0+(@1)
                 	ANDI R30,LOW(@2)
                 	STS  @0+(@1),R30
                 	.ENDM
                 
                 	.MACRO __ANDWMNN
                 	LDS  R30,@0+(@1)
                 	ANDI R30,LOW(@2)
                 	STS  @0+(@1),R30
                 	LDS  R30,@0+(@1)+1
                 	ANDI R30,HIGH(@2)
                 	STS  @0+(@1)+1,R30
                 	.ENDM
                 
                 	.MACRO __ANDD1N
                 	ANDI R30,LOW(@0)
                 	ANDI R31,HIGH(@0)
                 	ANDI R22,BYTE3(@0)
                 	ANDI R23,BYTE4(@0)
                 	.ENDM
                 
                 	.MACRO __ANDD2N
                 	ANDI R26,LOW(@0)
                 	ANDI R27,HIGH(@0)
                 	ANDI R24,BYTE3(@0)
                 	ANDI R25,BYTE4(@0)
                 	.ENDM
                 
                 	.MACRO __ORBMNN
                 	LDS  R30,@0+(@1)
                 	ORI  R30,LOW(@2)
                 	STS  @0+(@1),R30
                 	.ENDM
                 
                 	.MACRO __ORWMNN
                 	LDS  R30,@0+(@1)
                 	ORI  R30,LOW(@2)
                 	STS  @0+(@1),R30
                 	LDS  R30,@0+(@1)+1
                 	ORI  R30,HIGH(@2)
                 	STS  @0+(@1)+1,R30
                 	.ENDM
                 
                 	.MACRO __ORD1N
                 	ORI  R30,LOW(@0)
                 	ORI  R31,HIGH(@0)
                 	ORI  R22,BYTE3(@0)
                 	ORI  R23,BYTE4(@0)
                 	.ENDM
                 
                 	.MACRO __ORD2N
                 	ORI  R26,LOW(@0)
                 	ORI  R27,HIGH(@0)
                 	ORI  R24,BYTE3(@0)
                 	ORI  R25,BYTE4(@0)
                 	.ENDM
                 
                 	.MACRO __DELAY_USB
                 	LDI  R24,LOW(@0)
                 __DELAY_USB_LOOP:
                 	DEC  R24
                 	BRNE __DELAY_USB_LOOP
                 	.ENDM
                 
                 	.MACRO __DELAY_USW
                 	LDI  R24,LOW(@0)
                 	LDI  R25,HIGH(@0)
                 __DELAY_USW_LOOP:
                 	SBIW R24,1
                 	BRNE __DELAY_USW_LOOP
                 	.ENDM
                 
                 	.MACRO __GETD1S
                 	LDD  R30,Y+@0
                 	LDD  R31,Y+@0+1
                 	LDD  R22,Y+@0+2
                 	LDD  R23,Y+@0+3
                 	.ENDM
                 
                 	.MACRO __GETD2S
                 	LDD  R26,Y+@0
                 	LDD  R27,Y+@0+1
                 	LDD  R24,Y+@0+2
                 	LDD  R25,Y+@0+3
                 	.ENDM
                 
                 	.MACRO __PUTD1S
                 	STD  Y+@0,R30
                 	STD  Y+@0+1,R31
                 	STD  Y+@0+2,R22
                 	STD  Y+@0+3,R23
                 	.ENDM
                 
                 	.MACRO __PUTD2S
                 	STD  Y+@0,R26
                 	STD  Y+@0+1,R27
                 	STD  Y+@0+2,R24
                 	STD  Y+@0+3,R25
                 	.ENDM
                 
                 	.MACRO __PUTDZ2
                 	STD  Z+@0,R26
                 	STD  Z+@0+1,R27
                 	STD  Z+@0+2,R24
                 	STD  Z+@0+3,R25
                 	.ENDM
                 
                 	.MACRO __CLRD1S
                 	STD  Y+@0,R30
                 	STD  Y+@0+1,R30
                 	STD  Y+@0+2,R30
                 	STD  Y+@0+3,R30
                 	.ENDM
                 
                 	.MACRO __POINTB1MN
                 	LDI  R30,LOW(@0+(@1))
                 	.ENDM
                 
                 	.MACRO __POINTW1MN
                 	LDI  R30,LOW(@0+(@1))
                 	LDI  R31,HIGH(@0+(@1))
                 	.ENDM
                 
                 	.MACRO __POINTD1M
                 	LDI  R30,LOW(@0)
                 	LDI  R31,HIGH(@0)
                 	LDI  R22,BYTE3(@0)
                 	LDI  R23,BYTE4(@0)
                 	.ENDM
                 
                 	.MACRO __POINTW1FN
                 	LDI  R30,LOW(2*@0+(@1))
                 	LDI  R31,HIGH(2*@0+(@1))
                 	.ENDM
                 
                 	.MACRO __POINTD1FN
                 	LDI  R30,LOW(2*@0+(@1))
                 	LDI  R31,HIGH(2*@0+(@1))
                 	LDI  R22,BYTE3(2*@0+(@1))
                 	LDI  R23,BYTE4(2*@0+(@1))
                 	.ENDM
                 
                 	.MACRO __POINTB2MN
                 	LDI  R26,LOW(@0+(@1))
                 	.ENDM
                 
                 	.MACRO __POINTW2MN
                 	LDI  R26,LOW(@0+(@1))
                 	LDI  R27,HIGH(@0+(@1))
                 	.ENDM
                 
                 	.MACRO __POINTW2FN
                 	LDI  R26,LOW(2*@0+(@1))
                 	LDI  R27,HIGH(2*@0+(@1))
                 	.ENDM
                 
                 	.MACRO __POINTD2FN
                 	LDI  R26,LOW(2*@0+(@1))
                 	LDI  R27,HIGH(2*@0+(@1))
                 	LDI  R24,BYTE3(2*@0+(@1))
                 	LDI  R25,BYTE4(2*@0+(@1))
                 	.ENDM
                 
                 	.MACRO __POINTBRM
                 	LDI  R@0,LOW(@1)
                 	.ENDM
                 
                 	.MACRO __POINTWRM
                 	LDI  R@0,LOW(@2)
                 	LDI  R@1,HIGH(@2)
                 	.ENDM
                 
                 	.MACRO __POINTBRMN
                 	LDI  R@0,LOW(@1+(@2))
                 	.ENDM
                 
                 	.MACRO __POINTWRMN
                 	LDI  R@0,LOW(@2+(@3))
                 	LDI  R@1,HIGH(@2+(@3))
                 	.ENDM
                 
                 	.MACRO __POINTWRFN
                 	LDI  R@0,LOW(@2*2+(@3))
                 	LDI  R@1,HIGH(@2*2+(@3))
                 	.ENDM
                 
                 	.MACRO __GETD1N
                 	LDI  R30,LOW(@0)
                 	LDI  R31,HIGH(@0)
                 	LDI  R22,BYTE3(@0)
                 	LDI  R23,BYTE4(@0)
                 	.ENDM
                 
                 	.MACRO __GETD2N
                 	LDI  R26,LOW(@0)
                 	LDI  R27,HIGH(@0)
                 	LDI  R24,BYTE3(@0)
                 	LDI  R25,BYTE4(@0)
                 	.ENDM
                 
                 	.MACRO __GETB1MN
                 	LDS  R30,@0+(@1)
                 	.ENDM
                 
                 	.MACRO __GETB1HMN
                 	LDS  R31,@0+(@1)
                 	.ENDM
                 
                 	.MACRO __GETW1MN
                 	LDS  R30,@0+(@1)
                 	LDS  R31,@0+(@1)+1
                 	.ENDM
                 
                 	.MACRO __GETD1MN
                 	LDS  R30,@0+(@1)
                 	LDS  R31,@0+(@1)+1
                 	LDS  R22,@0+(@1)+2
                 	LDS  R23,@0+(@1)+3
                 	.ENDM
                 
                 	.MACRO __GETBRMN
                 	LDS  R@0,@1+(@2)
                 	.ENDM
                 
                 	.MACRO __GETWRMN
                 	LDS  R@0,@2+(@3)
                 	LDS  R@1,@2+(@3)+1
                 	.ENDM
                 
                 	.MACRO __GETWRZ
                 	LDD  R@0,Z+@2
                 	LDD  R@1,Z+@2+1
                 	.ENDM
                 
                 	.MACRO __GETD2Z
                 	LDD  R26,Z+@0
                 	LDD  R27,Z+@0+1
                 	LDD  R24,Z+@0+2
                 	LDD  R25,Z+@0+3
                 	.ENDM
                 
                 	.MACRO __GETB2MN
                 	LDS  R26,@0+(@1)
                 	.ENDM
                 
                 	.MACRO __GETW2MN
                 	LDS  R26,@0+(@1)
                 	LDS  R27,@0+(@1)+1
                 	.ENDM
                 
                 	.MACRO __GETD2MN
                 	LDS  R26,@0+(@1)
                 	LDS  R27,@0+(@1)+1
                 	LDS  R24,@0+(@1)+2
                 	LDS  R25,@0+(@1)+3
                 	.ENDM
                 
                 	.MACRO __PUTB1MN
                 	STS  @0+(@1),R30
                 	.ENDM
                 
                 	.MACRO __PUTW1MN
                 	STS  @0+(@1),R30
                 	STS  @0+(@1)+1,R31
                 	.ENDM
                 
                 	.MACRO __PUTD1MN
                 	STS  @0+(@1),R30
                 	STS  @0+(@1)+1,R31
                 	STS  @0+(@1)+2,R22
                 	STS  @0+(@1)+3,R23
                 	.ENDM
                 
                 	.MACRO __PUTB1EN
                 	LDI  R26,LOW(@0+(@1))
                 	LDI  R27,HIGH(@0+(@1))
                 	CALL __EEPROMWRB
                 	.ENDM
                 
                 	.MACRO __PUTW1EN
                 	LDI  R26,LOW(@0+(@1))
                 	LDI  R27,HIGH(@0+(@1))
                 	CALL __EEPROMWRW
                 	.ENDM
                 
                 	.MACRO __PUTD1EN
                 	LDI  R26,LOW(@0+(@1))
                 	LDI  R27,HIGH(@0+(@1))
                 	CALL __EEPROMWRD
                 	.ENDM
                 
                 	.MACRO __PUTBR0MN
                 	STS  @0+(@1),R0
                 	.ENDM
                 
                 	.MACRO __PUTBMRN
                 	STS  @0+(@1),R@2
                 	.ENDM
                 
                 	.MACRO __PUTWMRN
                 	STS  @0+(@1),R@2
                 	STS  @0+(@1)+1,R@3
                 	.ENDM
                 
                 	.MACRO __PUTBZR
                 	STD  Z+@1,R@0
                 	.ENDM
                 
                 	.MACRO __PUTWZR
                 	STD  Z+@2,R@0
                 	STD  Z+@2+1,R@1
                 	.ENDM
                 
                 	.MACRO __GETW1R
                 	MOV  R30,R@0
                 	MOV  R31,R@1
                 	.ENDM
                 
                 	.MACRO __GETW2R
                 	MOV  R26,R@0
                 	MOV  R27,R@1
                 	.ENDM
                 
                 	.MACRO __GETWRN
                 	LDI  R@0,LOW(@2)
                 	LDI  R@1,HIGH(@2)
                 	.ENDM
                 
                 	.MACRO __PUTW1R
                 	MOV  R@0,R30
                 	MOV  R@1,R31
                 	.ENDM
                 
                 	.MACRO __PUTW2R
                 	MOV  R@0,R26
                 	MOV  R@1,R27
                 	.ENDM
                 
                 	.MACRO __ADDWRN
                 	SUBI R@0,LOW(-@2)
                 	SBCI R@1,HIGH(-@2)
                 	.ENDM
                 
                 	.MACRO __ADDWRR
                 	ADD  R@0,R@2
                 	ADC  R@1,R@3
                 	.ENDM
                 
                 	.MACRO __SUBWRN
                 	SUBI R@0,LOW(@2)
                 	SBCI R@1,HIGH(@2)
                 	.ENDM
                 
                 	.MACRO __SUBWRR
                 	SUB  R@0,R@2
                 	SBC  R@1,R@3
                 	.ENDM
                 
                 	.MACRO __ANDWRN
                 	ANDI R@0,LOW(@2)
                 	ANDI R@1,HIGH(@2)
                 	.ENDM
                 
                 	.MACRO __ANDWRR
                 	AND  R@0,R@2
                 	AND  R@1,R@3
                 	.ENDM
                 
                 	.MACRO __ORWRN
                 	ORI  R@0,LOW(@2)
                 	ORI  R@1,HIGH(@2)
                 	.ENDM
                 
                 	.MACRO __ORWRR
                 	OR   R@0,R@2
                 	OR   R@1,R@3
                 	.ENDM
                 
                 	.MACRO __EORWRR
                 	EOR  R@0,R@2
                 	EOR  R@1,R@3
                 	.ENDM
                 
                 	.MACRO __GETWRS
                 	LDD  R@0,Y+@2
                 	LDD  R@1,Y+@2+1
                 	.ENDM
                 
                 	.MACRO __PUTBSR
                 	STD  Y+@1,R@0
                 	.ENDM
                 
                 	.MACRO __PUTWSR
                 	STD  Y+@2,R@0
                 	STD  Y+@2+1,R@1
                 	.ENDM
                 
                 	.MACRO __MOVEWRR
                 	MOV  R@0,R@2
                 	MOV  R@1,R@3
                 	.ENDM
                 
                 	.MACRO __INWR
                 	IN   R@0,@2
                 	IN   R@1,@2+1
                 	.ENDM
                 
                 	.MACRO __OUTWR
                 	OUT  @2+1,R@1
                 	OUT  @2,R@0
                 	.ENDM
                 
                 	.MACRO __CALL1MN
                 	LDS  R30,@0+(@1)
                 	LDS  R31,@0+(@1)+1
                 	ICALL
                 	.ENDM
                 
                 	.MACRO __CALL1FN
                 	LDI  R30,LOW(2*@0+(@1))
                 	LDI  R31,HIGH(2*@0+(@1))
                 	CALL __GETW1PF
                 	ICALL
                 	.ENDM
                 
                 	.MACRO __CALL2EN
                 	PUSH R26
                 	PUSH R27
                 	LDI  R26,LOW(@0+(@1))
                 	LDI  R27,HIGH(@0+(@1))
                 	CALL __EEPROMRDW
                 	POP  R27
                 	POP  R26
                 	ICALL
                 	.ENDM
                 
                 	.MACRO __CALL2EX
                 	SUBI R26,LOW(-@0)
                 	SBCI R27,HIGH(-@0)
                 	CALL __EEPROMRDD
                 	ICALL
                 	.ENDM
                 
                 	.MACRO __GETW1STACK
                 	IN   R30,SPL
                 	IN   R31,SPH
                 	ADIW R30,@0+1
                 	LD   R0,Z+
                 	LD   R31,Z
                 	MOV  R30,R0
                 	.ENDM
                 
                 	.MACRO __GETD1STACK
                 	IN   R30,SPL
                 	IN   R31,SPH
                 	ADIW R30,@0+1
                 	LD   R0,Z+
                 	LD   R1,Z+
                 	LD   R22,Z
                 	MOVW R30,R0
                 	.ENDM
                 
                 	.MACRO __NBST
                 	BST  R@0,@1
                 	IN   R30,SREG
                 	LDI  R31,0x40
                 	EOR  R30,R31
                 	OUT  SREG,R30
                 	.ENDM
                 
                 
                 	.MACRO __PUTB1SN
                 	LDD  R26,Y+@0
                 	LDD  R27,Y+@0+1
                 	SUBI R26,LOW(-@1)
                 	SBCI R27,HIGH(-@1)
                 	ST   X,R30
                 	.ENDM
                 
                 	.MACRO __PUTW1SN
                 	LDD  R26,Y+@0
                 	LDD  R27,Y+@0+1
                 	SUBI R26,LOW(-@1)
                 	SBCI R27,HIGH(-@1)
                 	ST   X+,R30
                 	ST   X,R31
                 	.ENDM
                 
                 	.MACRO __PUTD1SN
                 	LDD  R26,Y+@0
                 	LDD  R27,Y+@0+1
                 	SUBI R26,LOW(-@1)
                 	SBCI R27,HIGH(-@1)
                 	CALL __PUTDP1
                 	.ENDM
                 
                 	.MACRO __PUTB1SNS
                 	LDD  R26,Y+@0
                 	LDD  R27,Y+@0+1
                 	ADIW R26,@1
                 	ST   X,R30
                 	.ENDM
                 
                 	.MACRO __PUTW1SNS
                 	LDD  R26,Y+@0
                 	LDD  R27,Y+@0+1
                 	ADIW R26,@1
                 	ST   X+,R30
                 	ST   X,R31
                 	.ENDM
                 
                 	.MACRO __PUTD1SNS
                 	LDD  R26,Y+@0
                 	LDD  R27,Y+@0+1
                 	ADIW R26,@1
                 	CALL __PUTDP1
                 	.ENDM
                 
                 	.MACRO __PUTB1PMN
                 	LDS  R26,@0
                 	LDS  R27,@0+1
                 	SUBI R26,LOW(-@1)
                 	SBCI R27,HIGH(-@1)
                 	ST   X,R30
                 	.ENDM
                 
                 	.MACRO __PUTW1PMN
                 	LDS  R26,@0
                 	LDS  R27,@0+1
                 	SUBI R26,LOW(-@1)
                 	SBCI R27,HIGH(-@1)
                 	ST   X+,R30
                 	ST   X,R31
                 	.ENDM
                 
                 	.MACRO __PUTD1PMN
                 	LDS  R26,@0
                 	LDS  R27,@0+1
                 	SUBI R26,LOW(-@1)
                 	SBCI R27,HIGH(-@1)
                 	CALL __PUTDP1
                 	.ENDM
                 
                 	.MACRO __PUTB1PMNS
                 	LDS  R26,@0
                 	LDS  R27,@0+1
                 	ADIW R26,@1
                 	ST   X,R30
                 	.ENDM
                 
                 	.MACRO __PUTW1PMNS
                 	LDS  R26,@0
                 	LDS  R27,@0+1
                 	ADIW R26,@1
                 	ST   X+,R30
                 	ST   X,R31
                 	.ENDM
                 
                 	.MACRO __PUTD1PMNS
                 	LDS  R26,@0
                 	LDS  R27,@0+1
                 	ADIW R26,@1
                 	CALL __PUTDP1
                 	.ENDM
                 
                 	.MACRO __PUTB1RN
                 	MOVW R26,R@0
                 	SUBI R26,LOW(-@1)
                 	SBCI R27,HIGH(-@1)
                 	ST   X,R30
                 	.ENDM
                 
                 	.MACRO __PUTW1RN
                 	MOVW R26,R@0
                 	SUBI R26,LOW(-@1)
                 	SBCI R27,HIGH(-@1)
                 	ST   X+,R30
                 	ST   X,R31
                 	.ENDM
                 
                 	.MACRO __PUTD1RN
                 	MOVW R26,R@0
                 	SUBI R26,LOW(-@1)
                 	SBCI R27,HIGH(-@1)
                 	CALL __PUTDP1
                 	.ENDM
                 
                 	.MACRO __PUTB1RNS
                 	MOVW R26,R@0
                 	ADIW R26,@1
                 	ST   X,R30
                 	.ENDM
                 
                 	.MACRO __PUTW1RNS
                 	MOVW R26,R@0
                 	ADIW R26,@1
                 	ST   X+,R30
                 	ST   X,R31
                 	.ENDM
                 
                 	.MACRO __PUTD1RNS
                 	MOVW R26,R@0
                 	ADIW R26,@1
                 	CALL __PUTDP1
                 	.ENDM
                 
                 	.MACRO __PUTB1RON
                 	MOV  R26,R@0
                 	MOV  R27,R@1
                 	SUBI R26,LOW(-@2)
                 	SBCI R27,HIGH(-@2)
                 	ST   X,R30
                 	.ENDM
                 
                 	.MACRO __PUTW1RON
                 	MOV  R26,R@0
                 	MOV  R27,R@1
                 	SUBI R26,LOW(-@2)
                 	SBCI R27,HIGH(-@2)
                 	ST   X+,R30
                 	ST   X,R31
                 	.ENDM
                 
                 	.MACRO __PUTD1RON
                 	MOV  R26,R@0
                 	MOV  R27,R@1
                 	SUBI R26,LOW(-@2)
                 	SBCI R27,HIGH(-@2)
                 	CALL __PUTDP1
                 	.ENDM
                 
                 	.MACRO __PUTB1RONS
                 	MOV  R26,R@0
                 	MOV  R27,R@1
                 	ADIW R26,@2
                 	ST   X,R30
                 	.ENDM
                 
                 	.MACRO __PUTW1RONS
                 	MOV  R26,R@0
                 	MOV  R27,R@1
                 	ADIW R26,@2
                 	ST   X+,R30
                 	ST   X,R31
                 	.ENDM
                 
                 	.MACRO __PUTD1RONS
                 	MOV  R26,R@0
                 	MOV  R27,R@1
                 	ADIW R26,@2
                 	CALL __PUTDP1
                 	.ENDM
                 
                 
                 	.MACRO __GETB1SX
                 	MOVW R30,R28
                 	SUBI R30,LOW(-@0)
                 	SBCI R31,HIGH(-@0)
                 	LD   R30,Z
                 	.ENDM
                 
                 	.MACRO __GETB1HSX
                 	MOVW R30,R28
                 	SUBI R30,LOW(-@0)
                 	SBCI R31,HIGH(-@0)
                 	LD   R31,Z
                 	.ENDM
                 
                 	.MACRO __GETW1SX
                 	MOVW R30,R28
                 	SUBI R30,LOW(-@0)
                 	SBCI R31,HIGH(-@0)
                 	LD   R0,Z+
                 	LD   R31,Z
                 	MOV  R30,R0
                 	.ENDM
                 
                 	.MACRO __GETD1SX
                 	MOVW R30,R28
                 	SUBI R30,LOW(-@0)
                 	SBCI R31,HIGH(-@0)
                 	LD   R0,Z+
                 	LD   R1,Z+
                 	LD   R22,Z+
                 	LD   R23,Z
                 	MOVW R30,R0
                 	.ENDM
                 
                 	.MACRO __GETB2SX
                 	MOVW R26,R28
                 	SUBI R26,LOW(-@0)
                 	SBCI R27,HIGH(-@0)
                 	LD   R26,X
                 	.ENDM
                 
                 	.MACRO __GETW2SX
                 	MOVW R26,R28
                 	SUBI R26,LOW(-@0)
                 	SBCI R27,HIGH(-@0)
                 	LD   R0,X+
                 	LD   R27,X
                 	MOV  R26,R0
                 	.ENDM
                 
                 	.MACRO __GETD2SX
                 	MOVW R26,R28
                 	SUBI R26,LOW(-@0)
                 	SBCI R27,HIGH(-@0)
                 	LD   R0,X+
                 	LD   R1,X+
                 	LD   R24,X+
                 	LD   R25,X
                 	MOVW R26,R0
                 	.ENDM
                 
                 	.MACRO __GETBRSX
                 	MOVW R30,R28
                 	SUBI R30,LOW(-@1)
                 	SBCI R31,HIGH(-@1)
                 	LD   R@0,Z
                 	.ENDM
                 
                 	.MACRO __GETWRSX
                 	MOVW R30,R28
                 	SUBI R30,LOW(-@2)
                 	SBCI R31,HIGH(-@2)
                 	LD   R@0,Z+
                 	LD   R@1,Z
                 	.ENDM
                 
                 	.MACRO __GETBRSX2
                 	MOVW R26,R28
                 	SUBI R26,LOW(-@1)
                 	SBCI R27,HIGH(-@1)
                 	LD   R@0,X
                 	.ENDM
                 
                 	.MACRO __GETWRSX2
                 	MOVW R26,R28
                 	SUBI R26,LOW(-@2)
                 	SBCI R27,HIGH(-@2)
                 	LD   R@0,X+
                 	LD   R@1,X
                 	.ENDM
                 
                 	.MACRO __LSLW8SX
                 	MOVW R30,R28
                 	SUBI R30,LOW(-@0)
                 	SBCI R31,HIGH(-@0)
                 	LD   R31,Z
                 	CLR  R30
                 	.ENDM
                 
                 	.MACRO __PUTB1SX
                 	MOVW R26,R28
                 	SUBI R26,LOW(-@0)
                 	SBCI R27,HIGH(-@0)
                 	ST   X,R30
                 	.ENDM
                 
                 	.MACRO __PUTW1SX
                 	MOVW R26,R28
                 	SUBI R26,LOW(-@0)
                 	SBCI R27,HIGH(-@0)
                 	ST   X+,R30
                 	ST   X,R31
                 	.ENDM
                 
                 	.MACRO __PUTD1SX
                 	MOVW R26,R28
                 	SUBI R26,LOW(-@0)
                 	SBCI R27,HIGH(-@0)
                 	ST   X+,R30
                 	ST   X+,R31
                 	ST   X+,R22
                 	ST   X,R23
                 	.ENDM
                 
                 	.MACRO __CLRW1SX
                 	MOVW R26,R28
                 	SUBI R26,LOW(-@0)
                 	SBCI R27,HIGH(-@0)
                 	ST   X+,R30
                 	ST   X,R30
                 	.ENDM
                 
                 	.MACRO __CLRD1SX
                 	MOVW R26,R28
                 	SUBI R26,LOW(-@0)
                 	SBCI R27,HIGH(-@0)
                 	ST   X+,R30
                 	ST   X+,R30
                 	ST   X+,R30
                 	ST   X,R30
                 	.ENDM
                 
                 	.MACRO __PUTB2SX
                 	MOVW R30,R28
                 	SUBI R30,LOW(-@0)
                 	SBCI R31,HIGH(-@0)
                 	ST   Z,R26
                 	.ENDM
                 
                 	.MACRO __PUTW2SX
                 	MOVW R30,R28
                 	SUBI R30,LOW(-@0)
                 	SBCI R31,HIGH(-@0)
                 	ST   Z+,R26
                 	ST   Z,R27
                 	.ENDM
                 
                 	.MACRO __PUTD2SX
                 	MOVW R30,R28
                 	SUBI R30,LOW(-@0)
                 	SBCI R31,HIGH(-@0)
                 	ST   Z+,R26
                 	ST   Z+,R27
                 	ST   Z+,R24
                 	ST   Z,R25
                 	.ENDM
                 
                 	.MACRO __PUTBSRX
                 	MOVW R30,R28
                 	SUBI R30,LOW(-@1)
                 	SBCI R31,HIGH(-@1)
                 	ST   Z,R@0
                 	.ENDM
                 
                 	.MACRO __PUTWSRX
                 	MOVW R30,R28
                 	SUBI R30,LOW(-@2)
                 	SBCI R31,HIGH(-@2)
                 	ST   Z+,R@0
                 	ST   Z,R@1
                 	.ENDM
                 
                 	.MACRO __PUTB1SNX
                 	MOVW R26,R28
                 	SUBI R26,LOW(-@0)
                 	SBCI R27,HIGH(-@0)
                 	LD   R0,X+
                 	LD   R27,X
                 	MOV  R26,R0
                 	SUBI R26,LOW(-@1)
                 	SBCI R27,HIGH(-@1)
                 	ST   X,R30
                 	.ENDM
                 
                 	.MACRO __PUTW1SNX
                 	MOVW R26,R28
                 	SUBI R26,LOW(-@0)
                 	SBCI R27,HIGH(-@0)
                 	LD   R0,X+
                 	LD   R27,X
                 	MOV  R26,R0
                 	SUBI R26,LOW(-@1)
                 	SBCI R27,HIGH(-@1)
                 	ST   X+,R30
                 	ST   X,R31
                 	.ENDM
                 
                 	.MACRO __PUTD1SNX
                 	MOVW R26,R28
                 	SUBI R26,LOW(-@0)
                 	SBCI R27,HIGH(-@0)
                 	LD   R0,X+
                 	LD   R27,X
                 	MOV  R26,R0
                 	SUBI R26,LOW(-@1)
                 	SBCI R27,HIGH(-@1)
                 	ST   X+,R30
                 	ST   X+,R31
                 	ST   X+,R22
                 	ST   X,R23
                 	.ENDM
                 
                 	.MACRO __MULBRR
                 	MULS R@0,R@1
                 	MOVW R30,R0
                 	.ENDM
                 
                 	.MACRO __MULBRRU
                 	MUL  R@0,R@1
                 	MOVW R30,R0
                 	.ENDM
                 
                 	.MACRO __MULBRR0
                 	MULS R@0,R@1
                 	.ENDM
                 
                 	.MACRO __MULBRRU0
                 	MUL  R@0,R@1
                 	.ENDM
                 
                 	.MACRO __MULBNWRU
                 	LDI  R26,@2
                 	MUL  R26,R@0
                 	MOVW R30,R0
                 	MUL  R26,R@1
                 	ADD  R31,R0
                 	.ENDM
                 
                 ;NAME DEFINITIONS FOR GLOBAL VARIABLES ALLOCATED TO REGISTERS
                 	.DEF _kolom=R5
                 	.DEF __lcd_x=R4
                 	.DEF __lcd_y=R7
                 	.DEF __lcd_maxx=R6
                 
                 	.CSEG
                 	.ORG 0x00
                 
                 ;START OF CODE MARKER
                 __START_OF_CODE:
                 
                 ;INTERRUPT VECTORS
000000 940c 0039 	JMP  __RESET
000002 940c 0000 	JMP  0x00
000004 940c 0000 	JMP  0x00
000006 940c 0000 	JMP  0x00
000008 940c 0000 	JMP  0x00
00000a 940c 0000 	JMP  0x00
00000c 940c 0000 	JMP  0x00
00000e 940c 0000 	JMP  0x00
000010 940c 0000 	JMP  0x00
000012 940c 0000 	JMP  0x00
000014 940c 0000 	JMP  0x00
000016 940c 0000 	JMP  0x00
000018 940c 0000 	JMP  0x00
00001a 940c 0000 	JMP  0x00
00001c 940c 0000 	JMP  0x00
00001e 940c 0000 	JMP  0x00
000020 940c 0000 	JMP  0x00
000022 940c 0000 	JMP  0x00
000024 940c 0000 	JMP  0x00
000026 940c 0000 	JMP  0x00
000028 940c 0000 	JMP  0x00
                 
                 ;GLOBAL REGISTER VARIABLES INITIALIZATION
                 __REG_VARS:
E:\files\data proteus\runningtext\Debug\List\avr.asm(1124): warning: .cseg .db misalignment - padding zero byte
00002a 0008      	.DB  0x8
                 
                 _0x0:
00002b 494e
00002c 4f43
00002d 4c00
00002e 4841      	.DB  0x4E,0x49,0x43,0x4F,0x0,0x4C,0x41,0x48
00002f 5241
000030 0041      	.DB  0x41,0x52,0x41,0x0
                 _0x2000003:
000031 c080      	.DB  0x80,0xC0
                 
                 __GLOBAL_INI_TBL:
000032 0001      	.DW  0x01
000033 0005      	.DW  0x05
000034 0054      	.DW  __REG_VARS*2
                 
000035 0002      	.DW  0x02
000036 0160      	.DW  __base_y_G100
000037 0062      	.DW  _0x2000003*2
                 
                 _0xFFFFFFFF:
000038 0000      	.DW  0
                 
                 #define __GLOBAL_INI_TBL_PRESENT 1
                 
                 __RESET:
000039 94f8      	CLI
00003a 27ee      	CLR  R30
00003b bbec      	OUT  EECR,R30
                 
                 ;INTERRUPT VECTORS ARE PLACED
                 ;AT THE START OF FLASH
00003c e0f1      	LDI  R31,1
00003d bffb      	OUT  GICR,R31
00003e bfeb      	OUT  GICR,R30
00003f bfe5      	OUT  MCUCR,R30
                 
                 ;CLEAR R2-R14
000040 e08d      	LDI  R24,(14-2)+1
000041 e0a2      	LDI  R26,2
000042 27bb      	CLR  R27
                 __CLEAR_REG:
000043 93ed      	ST   X+,R30
000044 958a      	DEC  R24
000045 f7e9      	BRNE __CLEAR_REG
                 
                 ;CLEAR SRAM
000046 e080      	LDI  R24,LOW(__CLEAR_SRAM_SIZE)
000047 e094      	LDI  R25,HIGH(__CLEAR_SRAM_SIZE)
000048 e6a0      	LDI  R26,__SRAM_START
                 __CLEAR_SRAM:
000049 93ed      	ST   X+,R30
00004a 9701      	SBIW R24,1
00004b f7e9      	BRNE __CLEAR_SRAM
                 
                 ;GLOBAL VARIABLES INITIALIZATION
00004c e6e4      	LDI  R30,LOW(__GLOBAL_INI_TBL*2)
00004d e0f0      	LDI  R31,HIGH(__GLOBAL_INI_TBL*2)
                 __GLOBAL_INI_NEXT:
00004e 9185      	LPM  R24,Z+
00004f 9195      	LPM  R25,Z+
000050 9700      	SBIW R24,0
000051 f061      	BREQ __GLOBAL_INI_END
000052 91a5      	LPM  R26,Z+
000053 91b5      	LPM  R27,Z+
000054 9005      	LPM  R0,Z+
000055 9015      	LPM  R1,Z+
000056 01bf      	MOVW R22,R30
000057 01f0      	MOVW R30,R0
                 __GLOBAL_INI_LOOP:
000058 9005      	LPM  R0,Z+
000059 920d      	ST   X+,R0
00005a 9701      	SBIW R24,1
00005b f7e1      	BRNE __GLOBAL_INI_LOOP
00005c 01fb      	MOVW R30,R22
00005d cff0      	RJMP __GLOBAL_INI_NEXT
                 __GLOBAL_INI_END:
                 
                 ;HARDWARE STACK POINTER INITIALIZATION
00005e e5ef      	LDI  R30,LOW(__SRAM_END-__HEAP_SIZE)
00005f bfed      	OUT  SPL,R30
000060 e0e4      	LDI  R30,HIGH(__SRAM_END-__HEAP_SIZE)
000061 bfee      	OUT  SPH,R30
                 
                 ;DATA STACK POINTER INITIALIZATION
000062 e6c0      	LDI  R28,LOW(__SRAM_START+__DSTACK_SIZE)
000063 e0d1      	LDI  R29,HIGH(__SRAM_START+__DSTACK_SIZE)
                 
000064 940c 0066 	JMP  _main
                 
                 	.ESEG
                 	.ORG 0
                 
                 	.DSEG
                 	.ORG 0x160
                 
                 	.CSEG
                 ;/*******************************************************
                 ;This program was created by the
                 ;CodeWizardAVR V3.12 Advanced
                 ;Automatic Program Generator
                 ;© Copyright 1998-2014 Pavel Haiduc, HP InfoTech s.r.l.
                 ;http://www.hpinfotech.com
                 ;
                 ;Project : running text
                 ;Version :
                 ;Date    : 25/06/2019
                 ;Author  : nico lahara
                 ;Company :
                 ;Comments:
                 ;
                 ;
                 ;Chip type               : ATmega16
                 ;Program type            : Application
                 ;AVR Core Clock frequency: 8,000000 MHz
                 ;Memory model            : Small
                 ;External RAM size       : 0
                 ;Data Stack size         : 256
                 ;*******************************************************/
                 ;
                 ;#include <mega16.h>
                 	#ifndef __SLEEP_DEFINED__
                 	#define __SLEEP_DEFINED__
                 	.EQU __se_bit=0x40
                 	.EQU __sm_mask=0xB0
                 	.EQU __sm_powerdown=0x20
                 	.EQU __sm_powersave=0x30
                 	.EQU __sm_standby=0xA0
                 	.EQU __sm_ext_standby=0xB0
                 	.EQU __sm_adc_noise_red=0x10
                 	.SET power_ctrl_reg=mcucr
                 	#endif
                 ;#include <delay.h>
                 ;#asm
                    .equ __lcd_port=0x18 ;PORTB
                 ; 0000 001C #endasm
                 ;#include <lcd.h>
                 ;
                 ;// Declare your global variables here
                 ;   char kolom=8; //(nomor kolom misalnya angka di isi 8 maka outputnya keluar dari nomor 8 )
                 ;void main(void)
                 ; 0000 0022 {
                 
                 	.CSEG
                 _main:
                 ; .FSTART _main
                 ; 0000 0023 // Declare your local variables here
                 ; 0000 0024 
                 ; 0000 0025 // Input/Output Ports initialization
                 ; 0000 0026 // Port A initialization
                 ; 0000 0027 // Function: Bit7=In Bit6=In Bit5=In Bit4=In Bit3=In Bit2=In Bit1=In Bit0=In
                 ; 0000 0028 DDRA=(0<<DDA7) | (0<<DDA6) | (0<<DDA5) | (0<<DDA4) | (0<<DDA3) | (0<<DDA2) | (0<<DDA1) | (0<<DDA0);
000066 e0e0      	LDI  R30,LOW(0)
000067 bbea      	OUT  0x1A,R30
                 ; 0000 0029 // State: Bit7=T Bit6=T Bit5=T Bit4=T Bit3=T Bit2=T Bit1=T Bit0=T
                 ; 0000 002A PORTA=(0<<PORTA7) | (0<<PORTA6) | (0<<PORTA5) | (0<<PORTA4) | (0<<PORTA3) | (0<<PORTA2) | (0<<PORTA1) | (0<<PORTA0);
000068 bbeb      	OUT  0x1B,R30
                 ; 0000 002B 
                 ; 0000 002C // Port B initialization
                 ; 0000 002D // Function: Bit7=In Bit6=In Bit5=In Bit4=In Bit3=In Bit2=In Bit1=In Bit0=In
                 ; 0000 002E DDRB=(0<<DDB7) | (0<<DDB6) | (0<<DDB5) | (0<<DDB4) | (0<<DDB3) | (0<<DDB2) | (0<<DDB1) | (0<<DDB0);
000069 bbe7      	OUT  0x17,R30
                 ; 0000 002F // State: Bit7=T Bit6=T Bit5=T Bit4=T Bit3=T Bit2=T Bit1=T Bit0=T
                 ; 0000 0030 PORTB=(0<<PORTB7) | (0<<PORTB6) | (0<<PORTB5) | (0<<PORTB4) | (0<<PORTB3) | (0<<PORTB2) | (0<<PORTB1) | (0<<PORTB0);
00006a bbe8      	OUT  0x18,R30
                 ; 0000 0031 
                 ; 0000 0032 // Port C initialization
                 ; 0000 0033 // Function: Bit7=In Bit6=In Bit5=In Bit4=In Bit3=In Bit2=In Bit1=In Bit0=In
                 ; 0000 0034 DDRC=(0<<DDC7) | (0<<DDC6) | (0<<DDC5) | (0<<DDC4) | (0<<DDC3) | (0<<DDC2) | (0<<DDC1) | (0<<DDC0);
00006b bbe4      	OUT  0x14,R30
                 ; 0000 0035 // State: Bit7=T Bit6=T Bit5=T Bit4=T Bit3=T Bit2=T Bit1=T Bit0=T
                 ; 0000 0036 PORTC=(0<<PORTC7) | (0<<PORTC6) | (0<<PORTC5) | (0<<PORTC4) | (0<<PORTC3) | (0<<PORTC2) | (0<<PORTC1) | (0<<PORTC0);
00006c bbe5      	OUT  0x15,R30
                 ; 0000 0037 
                 ; 0000 0038 // Port D initialization
                 ; 0000 0039 // Function: Bit7=In Bit6=In Bit5=In Bit4=In Bit3=In Bit2=In Bit1=In Bit0=In
                 ; 0000 003A DDRD=(0<<DDD7) | (0<<DDD6) | (0<<DDD5) | (0<<DDD4) | (0<<DDD3) | (0<<DDD2) | (0<<DDD1) | (0<<DDD0);
00006d bbe1      	OUT  0x11,R30
                 ; 0000 003B // State: Bit7=T Bit6=T Bit5=T Bit4=T Bit3=T Bit2=T Bit1=T Bit0=T
                 ; 0000 003C PORTD=(0<<PORTD7) | (0<<PORTD6) | (0<<PORTD5) | (0<<PORTD4) | (0<<PORTD3) | (0<<PORTD2) | (0<<PORTD1) | (0<<PORTD0);
00006e bbe2      	OUT  0x12,R30
                 ; 0000 003D 
                 ; 0000 003E // Timer/Counter 0 initialization
                 ; 0000 003F // Clock source: System Clock
                 ; 0000 0040 // Clock value: Timer 0 Stopped
                 ; 0000 0041 // Mode: Normal top=0xFF
                 ; 0000 0042 // OC0 output: Disconnected
                 ; 0000 0043 TCCR0=(0<<WGM00) | (0<<COM01) | (0<<COM00) | (0<<WGM01) | (0<<CS02) | (0<<CS01) | (0<<CS00);
00006f bfe3      	OUT  0x33,R30
                 ; 0000 0044 TCNT0=0x00;
000070 bfe2      	OUT  0x32,R30
                 ; 0000 0045 OCR0=0x00;
000071 bfec      	OUT  0x3C,R30
                 ; 0000 0046 
                 ; 0000 0047 // Timer/Counter 1 initialization
                 ; 0000 0048 // Clock source: System Clock
                 ; 0000 0049 // Clock value: Timer1 Stopped
                 ; 0000 004A // Mode: Normal top=0xFFFF
                 ; 0000 004B // OC1A output: Disconnected
                 ; 0000 004C // OC1B output: Disconnected
                 ; 0000 004D // Noise Canceler: Off
                 ; 0000 004E // Input Capture on Falling Edge
                 ; 0000 004F // Timer1 Overflow Interrupt: Off
                 ; 0000 0050 // Input Capture Interrupt: Off
                 ; 0000 0051 // Compare A Match Interrupt: Off
                 ; 0000 0052 // Compare B Match Interrupt: Off
                 ; 0000 0053 TCCR1A=(0<<COM1A1) | (0<<COM1A0) | (0<<COM1B1) | (0<<COM1B0) | (0<<WGM11) | (0<<WGM10);
000072 bdef      	OUT  0x2F,R30
                 ; 0000 0054 TCCR1B=(0<<ICNC1) | (0<<ICES1) | (0<<WGM13) | (0<<WGM12) | (0<<CS12) | (0<<CS11) | (0<<CS10);
000073 bdee      	OUT  0x2E,R30
                 ; 0000 0055 TCNT1H=0x00;
000074 bded      	OUT  0x2D,R30
                 ; 0000 0056 TCNT1L=0x00;
000075 bdec      	OUT  0x2C,R30
                 ; 0000 0057 ICR1H=0x00;
000076 bde7      	OUT  0x27,R30
                 ; 0000 0058 ICR1L=0x00;
000077 bde6      	OUT  0x26,R30
                 ; 0000 0059 OCR1AH=0x00;
000078 bdeb      	OUT  0x2B,R30
                 ; 0000 005A OCR1AL=0x00;
000079 bdea      	OUT  0x2A,R30
                 ; 0000 005B OCR1BH=0x00;
00007a bde9      	OUT  0x29,R30
                 ; 0000 005C OCR1BL=0x00;
00007b bde8      	OUT  0x28,R30
                 ; 0000 005D 
                 ; 0000 005E // Timer/Counter 2 initialization
                 ; 0000 005F // Clock source: System Clock
                 ; 0000 0060 // Clock value: Timer2 Stopped
                 ; 0000 0061 // Mode: Normal top=0xFF
                 ; 0000 0062 // OC2 output: Disconnected
                 ; 0000 0063 ASSR=0<<AS2;
00007c bde2      	OUT  0x22,R30
                 ; 0000 0064 TCCR2=(0<<PWM2) | (0<<COM21) | (0<<COM20) | (0<<CTC2) | (0<<CS22) | (0<<CS21) | (0<<CS20);
00007d bde5      	OUT  0x25,R30
                 ; 0000 0065 TCNT2=0x00;
00007e bde4      	OUT  0x24,R30
                 ; 0000 0066 OCR2=0x00;
00007f bde3      	OUT  0x23,R30
                 ; 0000 0067 
                 ; 0000 0068 // Timer(s)/Counter(s) Interrupt(s) initialization
                 ; 0000 0069 TIMSK=(0<<OCIE2) | (0<<TOIE2) | (0<<TICIE1) | (0<<OCIE1A) | (0<<OCIE1B) | (0<<TOIE1) | (0<<OCIE0) | (0<<TOIE0);
000080 bfe9      	OUT  0x39,R30
                 ; 0000 006A 
                 ; 0000 006B // External Interrupt(s) initialization
                 ; 0000 006C // INT0: Off
                 ; 0000 006D // INT1: Off
                 ; 0000 006E // INT2: Off
                 ; 0000 006F MCUCR=(0<<ISC11) | (0<<ISC10) | (0<<ISC01) | (0<<ISC00);
000081 bfe5      	OUT  0x35,R30
                 ; 0000 0070 MCUCSR=(0<<ISC2);
000082 bfe4      	OUT  0x34,R30
                 ; 0000 0071 
                 ; 0000 0072 // USART initialization
                 ; 0000 0073 // USART disabled
                 ; 0000 0074 UCSRB=(0<<RXCIE) | (0<<TXCIE) | (0<<UDRIE) | (0<<RXEN) | (0<<TXEN) | (0<<UCSZ2) | (0<<RXB8) | (0<<TXB8);
000083 b9ea      	OUT  0xA,R30
                 ; 0000 0075 
                 ; 0000 0076 // Analog Comparator initialization
                 ; 0000 0077 // Analog Comparator: Off
                 ; 0000 0078 // The Analog Comparator's positive input is
                 ; 0000 0079 // connected to the AIN0 pin
                 ; 0000 007A // The Analog Comparator's negative input is
                 ; 0000 007B // connected to the AIN1 pin
                 ; 0000 007C ACSR=(1<<ACD) | (0<<ACBG) | (0<<ACO) | (0<<ACI) | (0<<ACIE) | (0<<ACIC) | (0<<ACIS1) | (0<<ACIS0);
000084 e8e0      	LDI  R30,LOW(128)
000085 b9e8      	OUT  0x8,R30
                 ; 0000 007D SFIOR=(0<<ACME);
000086 e0e0      	LDI  R30,LOW(0)
000087 bfe0      	OUT  0x30,R30
                 ; 0000 007E 
                 ; 0000 007F // ADC initialization
                 ; 0000 0080 // ADC disabled
                 ; 0000 0081 ADCSRA=(0<<ADEN) | (0<<ADSC) | (0<<ADATE) | (0<<ADIF) | (0<<ADIE) | (0<<ADPS2) | (0<<ADPS1) | (0<<ADPS0);
000088 b9e6      	OUT  0x6,R30
                 ; 0000 0082 
                 ; 0000 0083 // SPI initialization
                 ; 0000 0084 // SPI disabled
                 ; 0000 0085 SPCR=(0<<SPIE) | (0<<SPE) | (0<<DORD) | (0<<MSTR) | (0<<CPOL) | (0<<CPHA) | (0<<SPR1) | (0<<SPR0);
000089 b9ed      	OUT  0xD,R30
                 ; 0000 0086 
                 ; 0000 0087 // TWI initialization
                 ; 0000 0088 // TWI disabled
                 ; 0000 0089 TWCR=(0<<TWEA) | (0<<TWSTA) | (0<<TWSTO) | (0<<TWEN) | (0<<TWIE);
00008a bfe6      	OUT  0x36,R30
                 ; 0000 008A 
                 ; 0000 008B  lcd_init(16);
00008b e1a0      	LDI  R26,LOW(16)
00008c 940e 014e 	CALL _lcd_init
                 ; 0000 008C 
                 ; 0000 008D while (1)
                 _0x3:
                 ; 0000 008E       {
                 ; 0000 008F       // Place your code here
                 ; 0000 0090 
                 ; 0000 0091       for (kolom=8;kolom>=0;kolom--){	//(untuk running text dari kanan ke kiri)
00008e e0e8      	LDI  R30,LOW(8)
00008f 2e5e      	MOV  R5,R30
                 _0x7:
000090 e0e0      	LDI  R30,LOW(0)
000091 165e      	CP   R5,R30
000092 f0c0      	BRLO _0x8
                 ; 0000 0092       lcd_clear();
000093 940e 00fd 	CALL _lcd_clear
                 ; 0000 0093   lcd_gotoxy(kolom,0);
000095 925a      	ST   -Y,R5
000096 e0a0      	LDI  R26,LOW(0)
000097 940e 00ed 	CALL _lcd_gotoxy
                 ; 0000 0094   lcd_putsf("NICO");	//(Isi text pertama sesuai selera :V)
                +
000099 e5a6     +LDI R26 , LOW ( 2 * _0x0 + ( 0 ) )
00009a e0b0     +LDI R27 , HIGH ( 2 * _0x0 + ( 0 ) )
                 	__POINTW2FN _0x0,0
00009b 940e 012a 	CALL _lcd_putsf
                 ; 0000 0095   lcd_gotoxy(kolom,1);
00009d 925a      	ST   -Y,R5
00009e e0a1      	LDI  R26,LOW(1)
00009f 940e 00ed 	CALL _lcd_gotoxy
                 ; 0000 0096   lcd_putsf("LAHARA");		//(Ini text ke dua *yg bawahnya*)
                +
0000a1 e5ab     +LDI R26 , LOW ( 2 * _0x0 + ( 5 ) )
0000a2 e0b0     +LDI R27 , HIGH ( 2 * _0x0 + ( 5 ) )
                 	__POINTW2FN _0x0,5
0000a3 940e 012a 	CALL _lcd_putsf
                 ; 0000 0097   delay_ms(200);  		//(delay waktu terserah elu mau ngasih angka berapa, semakin kecil
0000a5 eca8      	LDI  R26,LOW(200)
0000a6 e0b0      	LDI  R27,0
0000a7 940e 0183 	CALL _delay_ms
                 ; 0000 0098   };			 	  //maka semakin cepat dan sebaliknya)
0000a9 945a      	DEC  R5
0000aa cfe5      	RJMP _0x7
                 _0x8:
                 ; 0000 0099   }
0000ab cfe2      	RJMP _0x3
                 ; 0000 009A   }
                 _0x9:
0000ac cfff      	RJMP _0x9
                 ; .FEND
                 ;
                     .equ __lcd_direction=__lcd_port-1
                     .equ __lcd_pin=__lcd_port-2
                     .equ __lcd_rs=0
                     .equ __lcd_rd=1
                     .equ __lcd_enable=2
                     .equ __lcd_busy_flag=7
                 
                 	.DSEG
                 
                 	.CSEG
                 __lcd_delay_G100:
                 ; .FSTART __lcd_delay_G100
0000ad e0ff          ldi   r31,15
                 __lcd_delay0:
0000ae 95fa          dec   r31
0000af f7f1          brne  __lcd_delay0
0000b0 9508      	RET
                 ; .FEND
                 __lcd_ready:
                 ; .FSTART __lcd_ready
0000b1 b3a7          in    r26,__lcd_direction
0000b2 70af          andi  r26,0xf                 ;set as input
0000b3 bba7          out   __lcd_direction,r26
0000b4 9ac1          sbi   __lcd_port,__lcd_rd     ;RD=1
0000b5 98c0          cbi   __lcd_port,__lcd_rs     ;RS=0
                 __lcd_busy:
0000b6 dff6      	RCALL __lcd_delay_G100
0000b7 9ac2          sbi   __lcd_port,__lcd_enable ;EN=1
0000b8 dff4      	RCALL __lcd_delay_G100
0000b9 b3a6          in    r26,__lcd_pin
0000ba 98c2          cbi   __lcd_port,__lcd_enable ;EN=0
0000bb dff1      	RCALL __lcd_delay_G100
0000bc 9ac2          sbi   __lcd_port,__lcd_enable ;EN=1
0000bd dfef      	RCALL __lcd_delay_G100
0000be 98c2          cbi   __lcd_port,__lcd_enable ;EN=0
0000bf fda7          sbrc  r26,__lcd_busy_flag
0000c0 cff5          rjmp  __lcd_busy
0000c1 9508      	RET
                 ; .FEND
                 __lcd_write_nibble_G100:
                 ; .FSTART __lcd_write_nibble_G100
0000c2 7fa0          andi  r26,0xf0
0000c3 2bab          or    r26,r27
0000c4 bba8          out   __lcd_port,r26          ;write
0000c5 9ac2          sbi   __lcd_port,__lcd_enable ;EN=1
0000c6 940e 00ad 	CALL __lcd_delay_G100
0000c8 98c2          cbi   __lcd_port,__lcd_enable ;EN=0
0000c9 940e 00ad 	CALL __lcd_delay_G100
0000cb 9508      	RET
                 ; .FEND
                 __lcd_write_data:
                 ; .FSTART __lcd_write_data
0000cc 93aa      	ST   -Y,R26
0000cd 98c1          cbi  __lcd_port,__lcd_rd 	  ;RD=0
0000ce b3a7          in    r26,__lcd_direction
0000cf 6fa7          ori   r26,0xf0 | (1<<__lcd_rs) | (1<<__lcd_rd) | (1<<__lcd_enable) ;set as output
0000d0 bba7          out   __lcd_direction,r26
0000d1 b3b8          in    r27,__lcd_port
0000d2 70bf          andi  r27,0xf
0000d3 81a8          ld    r26,y
0000d4 dfed      	RCALL __lcd_write_nibble_G100
0000d5 81a8          ld    r26,y
0000d6 95a2          swap  r26
0000d7 dfea      	RCALL __lcd_write_nibble_G100
0000d8 9ac1          sbi   __lcd_port,__lcd_rd     ;RD=1
0000d9 940c 0179 	JMP  _0x2020001
                 ; .FEND
                 __lcd_read_nibble_G100:
                 ; .FSTART __lcd_read_nibble_G100
0000db 9ac2          sbi   __lcd_port,__lcd_enable ;EN=1
0000dc 940e 00ad 	CALL __lcd_delay_G100
0000de b3e6          in    r30,__lcd_pin           ;read
0000df 98c2          cbi   __lcd_port,__lcd_enable ;EN=0
0000e0 940e 00ad 	CALL __lcd_delay_G100
0000e2 7fe0          andi  r30,0xf0
0000e3 9508      	RET
                 ; .FEND
                 _lcd_read_byte0_G100:
                 ; .FSTART _lcd_read_byte0_G100
0000e4 940e 00ad 	CALL __lcd_delay_G100
0000e6 dff4      	RCALL __lcd_read_nibble_G100
0000e7 2fae          mov   r26,r30
0000e8 dff2      	RCALL __lcd_read_nibble_G100
0000e9 98c1          cbi   __lcd_port,__lcd_rd     ;RD=0
0000ea 95e2          swap  r30
0000eb 2bea          or    r30,r26
0000ec 9508      	RET
                 ; .FEND
                 _lcd_gotoxy:
                 ; .FSTART _lcd_gotoxy
0000ed 93aa      	ST   -Y,R26
0000ee 940e 00b1 	CALL __lcd_ready
0000f0 81e8      	LD   R30,Y
0000f1 e0f0      	LDI  R31,0
0000f2 5ae0      	SUBI R30,LOW(-__base_y_G100)
0000f3 4ffe      	SBCI R31,HIGH(-__base_y_G100)
0000f4 81e0      	LD   R30,Z
0000f5 81a9      	LDD  R26,Y+1
0000f6 0fae      	ADD  R26,R30
0000f7 940e 00cc 	CALL __lcd_write_data
0000f9 8049      	LDD  R4,Y+1
0000fa 8078      	LDD  R7,Y+0
0000fb 9622      	ADIW R28,2
0000fc 9508      	RET
                 ; .FEND
                 _lcd_clear:
                 ; .FSTART _lcd_clear
0000fd 940e 00b1 	CALL __lcd_ready
0000ff e0a2      	LDI  R26,LOW(2)
000100 940e 00cc 	CALL __lcd_write_data
000102 940e 00b1 	CALL __lcd_ready
000104 e0ac      	LDI  R26,LOW(12)
000105 940e 00cc 	CALL __lcd_write_data
000107 940e 00b1 	CALL __lcd_ready
000109 e0a1      	LDI  R26,LOW(1)
00010a 940e 00cc 	CALL __lcd_write_data
00010c e0e0      	LDI  R30,LOW(0)
00010d 2e7e      	MOV  R7,R30
00010e 2e4e      	MOV  R4,R30
00010f 9508      	RET
                 ; .FEND
                 _lcd_putchar:
                 ; .FSTART _lcd_putchar
000110 93aa      	ST   -Y,R26
000111 93ef          push r30
000112 93ff          push r31
000113 81a8          ld   r26,y
000114 9468          set
000115 30aa          cpi  r26,10
000116 f019          breq __lcd_putchar1
000117 94e8          clt
000118 1446      	CP   R4,R6
000119 f030      	BRLO _0x2000004
                 	__lcd_putchar1:
00011a 9473      	INC  R7
00011b e0e0      	LDI  R30,LOW(0)
00011c 93ea      	ST   -Y,R30
00011d 2da7      	MOV  R26,R7
00011e dfce      	RCALL _lcd_gotoxy
00011f f036      	brts __lcd_putchar0
                 _0x2000004:
000120 9443      	INC  R4
000121 df8f          rcall __lcd_ready
000122 9ac0          sbi  __lcd_port,__lcd_rs ;RS=1
000123 81a8      	LD   R26,Y
000124 940e 00cc 	CALL __lcd_write_data
                 __lcd_putchar0:
000126 91ff          pop  r31
000127 91ef          pop  r30
000128 940c 0179 	JMP  _0x2020001
                 ; .FEND
                 _lcd_putsf:
                 ; .FSTART _lcd_putsf
00012a 93ba      	ST   -Y,R27
00012b 93aa      	ST   -Y,R26
00012c 931a      	ST   -Y,R17
                 _0x2000008:
00012d 81e9      	LDD  R30,Y+1
00012e 81fa      	LDD  R31,Y+1+1
00012f 9631      	ADIW R30,1
000130 83e9      	STD  Y+1,R30
000131 83fa      	STD  Y+1+1,R31
000132 9731      	SBIW R30,1
000133 91e4      	LPM  R30,Z
000134 2f1e      	MOV  R17,R30
000135 30e0      	CPI  R30,0
000136 f019      	BREQ _0x200000A
000137 2fa1      	MOV  R26,R17
000138 dfd7      	RCALL _lcd_putchar
000139 cff3      	RJMP _0x2000008
                 _0x200000A:
00013a 8118      	LDD  R17,Y+0
00013b 9623      	ADIW R28,3
00013c 9508      	RET
                 ; .FEND
                 __long_delay_G100:
                 ; .FSTART __long_delay_G100
00013d 27aa          clr   r26
00013e 27bb          clr   r27
                 __long_delay0:
00013f 9711          sbiw  r26,1         ;2 cycles
000140 f7f1          brne  __long_delay0 ;2 cycles
000141 9508      	RET
                 ; .FEND
                 __lcd_init_write_G100:
                 ; .FSTART __lcd_init_write_G100
000142 93aa      	ST   -Y,R26
000143 98c1          cbi  __lcd_port,__lcd_rd 	  ;RD=0
000144 b3a7          in    r26,__lcd_direction
000145 6fa7          ori   r26,0xf7                ;set as output
000146 bba7          out   __lcd_direction,r26
000147 b3b8          in    r27,__lcd_port
000148 70bf          andi  r27,0xf
000149 81a8          ld    r26,y
00014a 940e 00c2 	CALL __lcd_write_nibble_G100
00014c 9ac1          sbi   __lcd_port,__lcd_rd     ;RD=1
00014d c02b      	RJMP _0x2020001
                 ; .FEND
                 _lcd_init:
                 ; .FSTART _lcd_init
00014e 93aa      	ST   -Y,R26
00014f 98c2          cbi   __lcd_port,__lcd_enable ;EN=0
000150 98c0          cbi   __lcd_port,__lcd_rs     ;RS=0
000151 8068      	LDD  R6,Y+0
000152 81e8      	LD   R30,Y
000153 58e0      	SUBI R30,-LOW(128)
                +
000154 93e0 0162+STS __base_y_G100 + ( 2 ) , R30
                 	__PUTB1MN __base_y_G100,2
000156 81e8      	LD   R30,Y
000157 54e0      	SUBI R30,-LOW(192)
                +
000158 93e0 0163+STS __base_y_G100 + ( 3 ) , R30
                 	__PUTB1MN __base_y_G100,3
00015a d020      	RCALL SUBOPT_0x0
00015b d01f      	RCALL SUBOPT_0x0
00015c d01e      	RCALL SUBOPT_0x0
00015d dfdf      	RCALL __long_delay_G100
00015e e2a0      	LDI  R26,LOW(32)
00015f dfe2      	RCALL __lcd_init_write_G100
000160 dfdc      	RCALL __long_delay_G100
000161 e2a8      	LDI  R26,LOW(40)
000162 d01c      	RCALL SUBOPT_0x1
000163 e0a4      	LDI  R26,LOW(4)
000164 d01a      	RCALL SUBOPT_0x1
000165 e8a5      	LDI  R26,LOW(133)
000166 d018      	RCALL SUBOPT_0x1
000167 b3a7          in    r26,__lcd_direction
000168 70af          andi  r26,0xf                 ;set as input
000169 bba7          out   __lcd_direction,r26
00016a 9ac1          sbi   __lcd_port,__lcd_rd     ;RD=1
00016b 940e 00e4 	CALL _lcd_read_byte0_G100
00016d 30e5      	CPI  R30,LOW(0x5)
00016e f011      	BREQ _0x200000B
00016f e0e0      	LDI  R30,LOW(0)
000170 c008      	RJMP _0x2020001
                 _0x200000B:
000171 940e 00b1 	CALL __lcd_ready
000173 e0a6      	LDI  R26,LOW(6)
000174 940e 00cc 	CALL __lcd_write_data
000176 940e 00fd 	CALL _lcd_clear
000178 e0e1      	LDI  R30,LOW(1)
                 _0x2020001:
000179 9621      	ADIW R28,1
00017a 9508      	RET
                 ; .FEND
                 
                 	.DSEG
                 __base_y_G100:
000160           	.BYTE 0x4
                 
                 	.CSEG
                 ;OPTIMIZER ADDED SUBROUTINE, CALLED 3 TIMES, CODE SIZE REDUCTION:3 WORDS
                 SUBOPT_0x0:
00017b 940e 013d 	CALL __long_delay_G100
00017d e3a0      	LDI  R26,LOW(48)
00017e cfc3      	RJMP __lcd_init_write_G100
                 
                 ;OPTIMIZER ADDED SUBROUTINE, CALLED 3 TIMES, CODE SIZE REDUCTION:1 WORDS
                 SUBOPT_0x1:
00017f 940e 00cc 	CALL __lcd_write_data
000181 940c 013d 	JMP  __long_delay_G100
                 
                 
                 	.CSEG
                 _delay_ms:
000183 9610      	adiw r26,0
000184 f039      	breq __delay_ms1
                 __delay_ms0:
                +
000185 ed80     +LDI R24 , LOW ( 0x7D0 )
000186 e097     +LDI R25 , HIGH ( 0x7D0 )
                +__DELAY_USW_LOOP :
000187 9701     +SBIW R24 , 1
000188 f7f1     +BRNE __DELAY_USW_LOOP
                 	__DELAY_USW 0x7D0
000189 95a8      	wdr
00018a 9711      	sbiw r26,1
00018b f7c9      	brne __delay_ms0
                 __delay_ms1:
00018c 9508      	ret
                 
                 ;END OF CODE MARKER
                 __END_OF_CODE:


RESOURCE USE INFORMATION
------------------------

Notice:
The register and instruction counts are symbol table hit counts,
and hence implicitly used resources are not counted, eg, the
'lpm' instruction without operands implicitly uses r0 and z,
none of which are counted.

x,y,z are separate entities in the symbol table and are
counted separately from r26..r31 here.

.dseg memory usage only counts static data declared with .byte

ATmega16 register use summary:
r0 :   4 r1 :   1 r2 :   0 r3 :   0 r4 :   4 r5 :   5 r6 :   2 r7 :   4 
r8 :   0 r9 :   0 r10:   0 r11:   0 r12:   0 r13:   0 r14:   0 r15:   0 
r16:   0 r17:   4 r18:   0 r19:   0 r20:   0 r21:   0 r22:   2 r23:   0 
r24:   9 r25:   3 r26:  58 r27:  12 r28:   4 r29:   1 r30:  87 r31:  11 
x  :   3 y  :  28 z  :   9 
Registers used: 19 out of 35 (54.3%)

ATmega16 instruction use summary:
.lds  :   0 .lds.l:   0 .sts  :   0 .sts.l:   0 adc   :   0 add   :   1 
adiw  :   5 and   :   0 andi  :   6 asr   :   0 bclr  :   0 bld   :   0 
brbc  :   0 brbs  :   0 brcc  :   0 brcs  :   0 break :   0 breq  :   5 
brge  :   0 brhc  :   0 brhs  :   0 brid  :   0 brie  :   0 brlo  :   2 
brlt  :   0 brmi  :   0 brne  :   7 brpl  :   0 brsh  :   0 brtc  :   0 
brts  :   1 brvc  :   0 brvs  :   0 bset  :   0 bst   :   0 call  :  28 
cbi   :  10 cbr   :   0 clc   :   0 clh   :   0 cli   :   1 cln   :   0 
clr   :   4 cls   :   0 clt   :   1 clv   :   0 clz   :   0 com   :   0 
cp    :   2 cpc   :   0 cpi   :   3 cpse  :   0 dec   :   3 des   :   0 
eor   :   0 fmul  :   0 fmuls :   0 fmulsu:   0 icall :   0 ijmp  :   0 
in    :   8 inc   :   2 jmp   :  25 ld    :   9 ldd   :   7 ldi   :  43 
lds   :   0 lpm   :   9 lsl   :   0 lsr   :   0 mov   :   7 movw  :   3 
mul   :   0 muls  :   0 mulsu :   0 neg   :   0 nop   :   0 or    :   2 
ori   :   2 out   :  45 pop   :   2 push  :   2 rcall :  20 ret   :  11 
reti  :   0 rjmp  :   9 rol   :   0 ror   :   0 sbc   :   0 sbci  :   1 
sbi   :   9 sbic  :   0 sbis  :   0 sbiw  :   7 sbr   :   0 sbrc  :   1 
sbrs  :   0 sec   :   0 seh   :   0 sei   :   0 sen   :   0 ser   :   0 
ses   :   0 set   :   1 sev   :   0 sez   :   0 sleep :   0 spm   :   0 
st    :  14 std   :   2 sts   :   2 sub   :   0 subi  :   3 swap  :   2 
tst   :   0 wdr   :   1 
Instructions used: 43 out of 116 (37.1%)

ATmega16 memory use summary [bytes]:
Segment   Begin    End      Code   Data   Used    Size   Use%
---------------------------------------------------------------
[.cseg] 0x000000 0x00031a    764     30    794   16384   4.8%
[.dseg] 0x000060 0x000164      0      4      4    1024   0.4%
[.eseg] 0x000000 0x000000      0      0      0     512   0.0%

Assembly complete, 0 errors, 5 warnings
